<?xml version="1.0" encoding="UTF-8"?>
<testng-results ignored="0" total="2" passed="1" failed="1" skipped="0">
  <reporter-output>
  </reporter-output>
  <suite started-at="2025-02-16T10:58:47 IST" name="MasterSuite" finished-at="2025-02-16T10:59:02 IST" duration-ms="14906">
    <groups>
      <group name="Master">
        <method signature="LoginTest.verifyLogin()[pri:0, instance:testCases.LoginTest@3ebff828]" name="verifyLogin" class="testCases.LoginTest"/>
      </group> <!-- Master -->
      <group name="Regression">
        <method signature="tc001_AccountRegistrationPage.verify_account_regirtration()[pri:0, instance:testCases.tc001_AccountRegistrationPage@5b6813df]" name="verify_account_regirtration" class="testCases.tc001_AccountRegistrationPage"/>
      </group> <!-- Regression -->
      <group name="sanity">
        <method signature="LoginTest.verifyLogin()[pri:0, instance:testCases.LoginTest@3ebff828]" name="verifyLogin" class="testCases.LoginTest"/>
      </group> <!-- sanity -->
    </groups>
    <test started-at="2025-02-16T10:58:47 IST" name="Test" finished-at="2025-02-16T10:59:02 IST" duration-ms="14906">
      <class name="testCases.LoginTest">
        <test-method is-config="true" signature="setup(java.lang.String,java.lang.String)[pri:0, instance:testCases.LoginTest@3ebff828]" started-at="2025-02-16T10:58:57 IST" name="setup" finished-at="2025-02-16T10:59:00 IST" duration-ms="3136" status="PASS">
          <params>
            <param index="0">
              <value>
                <![CDATA[Windows]]>
              </value>
            </param>
            <param index="1">
              <value>
                <![CDATA[chrome]]>
              </value>
            </param>
          </params>
          <reporter-output>
          </reporter-output>
        </test-method> <!-- setup -->
        <test-method signature="verifyLogin()[pri:0, instance:testCases.LoginTest@3ebff828]" started-at="2025-02-16T10:59:00 IST" name="verifyLogin" finished-at="2025-02-16T10:59:02 IST" duration-ms="2049" status="PASS">
          <reporter-output>
          </reporter-output>
        </test-method> <!-- verifyLogin -->
        <test-method is-config="true" signature="tearDown()[pri:0, instance:testCases.LoginTest@3ebff828]" started-at="2025-02-16T10:59:02 IST" name="tearDown" finished-at="2025-02-16T10:59:02 IST" duration-ms="226" status="PASS">
          <reporter-output>
          </reporter-output>
        </test-method> <!-- tearDown -->
      </class> <!-- testCases.LoginTest -->
      <class name="testCases.tc001_AccountRegistrationPage">
        <test-method is-config="true" signature="setup(java.lang.String,java.lang.String)[pri:0, instance:testCases.tc001_AccountRegistrationPage@5b6813df]" started-at="2025-02-16T10:58:48 IST" name="setup" finished-at="2025-02-16T10:58:53 IST" duration-ms="5526" status="PASS">
          <params>
            <param index="0">
              <value>
                <![CDATA[Windows]]>
              </value>
            </param>
            <param index="1">
              <value>
                <![CDATA[chrome]]>
              </value>
            </param>
          </params>
          <reporter-output>
          </reporter-output>
        </test-method> <!-- setup -->
        <test-method signature="verify_account_regirtration()[pri:0, instance:testCases.tc001_AccountRegistrationPage@5b6813df]" started-at="2025-02-16T10:58:53 IST" name="verify_account_regirtration" finished-at="2025-02-16T10:58:56 IST" duration-ms="3092" status="FAIL">
          <exception class="java.lang.AssertionError">
            <message>
              <![CDATA[expected [Congratulations! Your new account has been successfully created!] but found [If you already have an account with us, please login at the login page.]]]>
            </message>
            <full-stacktrace>
              <![CDATA[java.lang.AssertionError: expected [Congratulations! Your new account has been successfully created!] but found [If you already have an account with us, please login at the login page.]
at org.testng.Assert.fail(Assert.java:111)
at org.testng.Assert.failNotEquals(Assert.java:1578)
at org.testng.Assert.assertEqualsImpl(Assert.java:150)
at org.testng.Assert.assertEquals(Assert.java:132)
at org.testng.Assert.assertEquals(Assert.java:656)
at org.testng.Assert.assertEquals(Assert.java:666)
at testCases.tc001_AccountRegistrationPage.verify_account_regirtration(tc001_AccountRegistrationPage.java:46)
at java.base/jdk.internal.reflect.NativeMethodAccessorImpl.invoke0(Native Method)
at java.base/jdk.internal.reflect.NativeMethodAccessorImpl.invoke(NativeMethodAccessorImpl.java:62)
at java.base/jdk.internal.reflect.DelegatingMethodAccessorImpl.invoke(DelegatingMethodAccessorImpl.java:43)
at java.base/java.lang.reflect.Method.invoke(Method.java:566)
at org.testng.internal.invokers.MethodInvocationHelper.invokeMethod(MethodInvocationHelper.java:141)
at org.testng.internal.invokers.TestInvoker.invokeMethod(TestInvoker.java:686)
at org.testng.internal.invokers.TestInvoker.invokeTestMethod(TestInvoker.java:230)
at org.testng.internal.invokers.MethodRunner.runInSequence(MethodRunner.java:63)
at org.testng.internal.invokers.TestInvoker$MethodInvocationAgent.invoke(TestInvoker.java:992)
at org.testng.internal.invokers.TestInvoker.invokeTestMethods(TestInvoker.java:203)
at org.testng.internal.invokers.TestMethodWorker.invokeTestMethods(TestMethodWorker.java:154)
at org.testng.internal.invokers.TestMethodWorker.run(TestMethodWorker.java:134)
at java.base/java.util.ArrayList.forEach(ArrayList.java:1541)
at org.testng.TestRunner.privateRun(TestRunner.java:739)
at org.testng.TestRunner.run(TestRunner.java:614)
at org.testng.SuiteRunner.runTest(SuiteRunner.java:421)
at org.testng.SuiteRunner.runSequentially(SuiteRunner.java:413)
at org.testng.SuiteRunner.privateRun(SuiteRunner.java:373)
at org.testng.SuiteRunner.run(SuiteRunner.java:312)
at org.testng.SuiteRunnerWorker.runSuite(SuiteRunnerWorker.java:52)
at org.testng.SuiteRunnerWorker.run(SuiteRunnerWorker.java:95)
at org.testng.TestNG.runSuitesSequentially(TestNG.java:1274)
at org.testng.TestNG.runSuitesLocally(TestNG.java:1208)
at org.testng.TestNG.runSuites(TestNG.java:1112)
at org.testng.TestNG.run(TestNG.java:1079)
at org.apache.maven.surefire.testng.TestNGExecutor.run(TestNGExecutor.java:324)
at org.apache.maven.surefire.testng.TestNGXmlTestSuite.execute(TestNGXmlTestSuite.java:74)
at org.apache.maven.surefire.testng.TestNGProvider.invoke(TestNGProvider.java:123)
at org.apache.maven.surefire.booter.ForkedBooter.runSuitesInProcess(ForkedBooter.java:456)
at org.apache.maven.surefire.booter.ForkedBooter.execute(ForkedBooter.java:169)
at org.apache.maven.surefire.booter.ForkedBooter.run(ForkedBooter.java:595)
at org.apache.maven.surefire.booter.ForkedBooter.main(ForkedBooter.java:581)
]]>
            </full-stacktrace>
          </exception> <!-- java.lang.AssertionError -->
          <reporter-output>
          </reporter-output>
        </test-method> <!-- verify_account_regirtration -->
        <test-method is-config="true" signature="tearDown()[pri:0, instance:testCases.tc001_AccountRegistrationPage@5b6813df]" started-at="2025-02-16T10:58:57 IST" name="tearDown" finished-at="2025-02-16T10:58:57 IST" duration-ms="245" status="PASS">
          <reporter-output>
          </reporter-output>
        </test-method> <!-- tearDown -->
      </class> <!-- testCases.tc001_AccountRegistrationPage -->
    </test> <!-- Test -->
  </suite> <!-- MasterSuite -->
</testng-results>
